{
  "RSpec": {
    "coverage": {
      "/Users/Tim_Mee/Turing/projects/self_directed/snow_maps/config/environment.rb": [
        null,
        1,
        null,
        null,
        1
      ],
      "/Users/Tim_Mee/Turing/projects/self_directed/snow_maps/config/application.rb": [
        1,
        null,
        1,
        null,
        null,
        null,
        1,
        null,
        1,
        1,
        1,
        null,
        null
      ],
      "/Users/Tim_Mee/Turing/projects/self_directed/snow_maps/config/boot.rb": [
        null,
        1,
        null,
        1
      ],
      "/Users/Tim_Mee/Turing/projects/self_directed/snow_maps/config/environments/test.rb": [
        1,
        null,
        null,
        null,
        null,
        null,
        null,
        1,
        null,
        null,
        null,
        null,
        1,
        null,
        null,
        1,
        1,
        null,
        null,
        1,
        1,
        null,
        null,
        1,
        null,
        null,
        1,
        null,
        null,
        null,
        null,
        1,
        null,
        null,
        1,
        null,
        null,
        null,
        null
      ],
      "/Users/Tim_Mee/Turing/projects/self_directed/snow_maps/config/initializers/assets.rb": [
        null,
        null,
        null,
        1,
        null,
        null,
        null,
        null
      ],
      "/Users/Tim_Mee/Turing/projects/self_directed/snow_maps/config/initializers/backtrace_silencers.rb": [
        null,
        null,
        null,
        null,
        null,
        null,
        null
      ],
      "/Users/Tim_Mee/Turing/projects/self_directed/snow_maps/config/initializers/cookies_serializer.rb": [
        null,
        null,
        1
      ],
      "/Users/Tim_Mee/Turing/projects/self_directed/snow_maps/config/initializers/filter_parameter_logging.rb": [
        null,
        null,
        null,
        1
      ],
      "/Users/Tim_Mee/Turing/projects/self_directed/snow_maps/config/initializers/inflections.rb": [
        null,
        null,
        null,
        null,
        null,
        null,
        null,
        null,
        null,
        null,
        null,
        null,
        null,
        null,
        null,
        null
      ],
      "/Users/Tim_Mee/Turing/projects/self_directed/snow_maps/config/initializers/mime_types.rb": [
        null,
        null,
        null,
        null
      ],
      "/Users/Tim_Mee/Turing/projects/self_directed/snow_maps/config/initializers/omniauth.rb": [
        1,
        1,
        null
      ],
      "/Users/Tim_Mee/Turing/projects/self_directed/snow_maps/config/initializers/session_store.rb": [
        null,
        null,
        1
      ],
      "/Users/Tim_Mee/Turing/projects/self_directed/snow_maps/config/initializers/wrap_parameters.rb": [
        null,
        null,
        null,
        null,
        null,
        null,
        1,
        1,
        null,
        null,
        null,
        null,
        null,
        null
      ],
      "/Users/Tim_Mee/Turing/projects/self_directed/snow_maps/config/routes.rb": [
        1,
        1,
        1,
        1,
        1,
        null,
        null,
        1,
        1,
        1,
        null
      ],
      "/Users/Tim_Mee/Turing/projects/self_directed/snow_maps/app/helpers/application_helper.rb": [
        1,
        null
      ],
      "/Users/Tim_Mee/Turing/projects/self_directed/snow_maps/app/helpers/mountains_helper.rb": [
        1,
        null
      ],
      "/Users/Tim_Mee/Turing/projects/self_directed/snow_maps/app/helpers/peak_helper.rb": [
        1,
        null
      ],
      "/Users/Tim_Mee/Turing/projects/self_directed/snow_maps/app/helpers/peaks_helper.rb": [
        1,
        null
      ],
      "/Users/Tim_Mee/Turing/projects/self_directed/snow_maps/app/helpers/sessions_helper.rb": [
        1,
        null
      ],
      "/Users/Tim_Mee/Turing/projects/self_directed/snow_maps/app/helpers/trails_helper.rb": [
        1,
        null
      ],
      "/Users/Tim_Mee/Turing/projects/self_directed/snow_maps/app/helpers/users_helper.rb": [
        1,
        null
      ],
      "/Users/Tim_Mee/Turing/projects/self_directed/snow_maps/app/models/mountain.rb": [
        1,
        1,
        1,
        null,
        1,
        null,
        1,
        null,
        null,
        1,
        0,
        null,
        null
      ],
      "/Users/Tim_Mee/Turing/projects/self_directed/snow_maps/spec/models/peaks_spec.rb": [
        1,
        null,
        1,
        1,
        null
      ],
      "/Users/Tim_Mee/Turing/projects/self_directed/snow_maps/app/models/peak.rb": [
        1,
        1,
        1,
        null
      ],
      "/Users/Tim_Mee/Turing/projects/self_directed/snow_maps/spec/models/trail_spec.rb": [
        1,
        null,
        1,
        1,
        null
      ],
      "/Users/Tim_Mee/Turing/projects/self_directed/snow_maps/app/models/trail.rb": [
        1,
        1,
        null,
        1,
        1,
        null
      ],
      "/Users/Tim_Mee/Turing/projects/self_directed/snow_maps/spec/models/users_spec.rb": [
        1,
        null,
        1,
        1,
        null
      ],
      "/Users/Tim_Mee/Turing/projects/self_directed/snow_maps/app/models/user.rb": [
        1,
        1,
        1,
        null
      ]
    },
    "timestamp": 1421275738
  }
}
